# Logfile created on Mon Sep 15 19:25:18 -0700 2008 by /


Processing UsersController#index (for 127.0.0.1 at 2008-09-15 19:25:51) [GET]
  Session ID: 3b1b8426224f04a9ee3afacb027c6696
  Parameters: {"action"=>"index", "controller"=>"users"}
  [4;36;1m (0) (0.197787)[0m   [0;1mSET NAMES 'utf8'[0m
  [4;35;1m (0) (0.009812)[0m   [0mSET SQL_AUTO_IS_NULL=0[0m
  [4;36;1mUser Load (1) (0.641628)[0m   [0;1mSELECT * FROM users [0m
Rendering content_typetext/htmlactionindexlayoutfalse within layouts/application
Rendering users/index
  [4;35;1mUser Columns (13) (0.143656)[0m   [0mSHOW FIELDS FROM users[0m
Completed in 1.67193 (0 reqs/sec) | Rendering: 0.01223 (0%) | DB: 0.99288 (59%) | 200 OK [http://localhost/]
  [4;36;1m (0) (0.000323)[0m   [0;1mSET NAMES 'utf8'[0m
  [4;35;1m (0) (0.000142)[0m   [0mSET SQL_AUTO_IS_NULL=0[0m
  [4;36;1m (0) (0.000000)[0m   [0;1mMysql::Error: Table 'caboose_development.schema_info' doesn't exist: SELECT * FROM schema_info[0m
  [4;35;1m (3) (0.000540)[0m   [0mSHOW TABLES[0m
  [4;36;1m (12) (0.055862)[0m   [0;1mSHOW FIELDS FROM assets[0m
  [4;35;1m (1) (0.000513)[0m   [0mSHOW KEYS FROM assets[0m
  [4;36;1m (1) (0.060918)[0m   [0;1mSHOW FIELDS FROM schema_migrations[0m
  [4;35;1m (1) (0.000853)[0m   [0mSHOW KEYS FROM schema_migrations[0m
  [4;36;1m (13) (0.002171)[0m   [0;1mSHOW FIELDS FROM users[0m
  [4;35;1m (1) (0.007837)[0m   [0mSHOW KEYS FROM users[0m
  [4;36;1m (0) (0.000171)[0m   [0;1mSET NAMES 'utf8'[0m
  [4;35;1m (0) (0.000150)[0m   [0mSET SQL_AUTO_IS_NULL=0[0m
  [4;36;1m (0) (0.343541)[0m   [0;1mDROP DATABASE IF EXISTS `caboose_test`[0m
  [4;35;1m (0) (0.069481)[0m   [0mCREATE DATABASE `caboose_test`[0m
  [4;36;1m (0) (0.000178)[0m   [0;1mSET NAMES 'utf8'[0m
  [4;35;1m (0) (0.000114)[0m   [0mSET SQL_AUTO_IS_NULL=0[0m
  [4;36;1m (0) (0.000000)[0m   [0;1mMysql::Error: Unknown table 'assets': DROP TABLE assets[0m
  [4;35;1m (0) (0.239574)[0m   [0mCREATE TABLE assets (`id` int(11) DEFAULT NULL auto_increment PRIMARY KEY, `filename` varchar(255) DEFAULT NULL, `width` int(11) DEFAULT NULL, `height` int(11) DEFAULT NULL, `content_type` varchar(255) DEFAULT NULL, `size` int(11) DEFAULT NULL, `attachable_type` varchar(255) DEFAULT NULL, `attachable_id` int(11) DEFAULT NULL, `updated_at` datetime DEFAULT NULL, `created_at` datetime DEFAULT NULL, `thumbnail` varchar(255) DEFAULT NULL, `parent_id` int(11) DEFAULT NULL) ENGINE=InnoDB[0m
  [4;36;1m (0) (0.000000)[0m   [0;1mMysql::Error: Unknown table 'schema_migrations': DROP TABLE schema_migrations[0m
  [4;35;1m (0) (0.079199)[0m   [0mCREATE TABLE schema_migrations (`version` varchar(255) DEFAULT '' NOT NULL) ENGINE=InnoDB[0m
  [4;36;1m (0) (0.077726)[0m   [0;1mCREATE UNIQUE INDEX `unique_schema_migrations` ON schema_migrations (`version`)[0m
  [4;35;1m (0) (0.000000)[0m   [0mMysql::Error: Unknown table 'users': DROP TABLE users[0m
  [4;36;1m (0) (0.092867)[0m   [0;1mCREATE TABLE users (`id` int(11) DEFAULT NULL auto_increment PRIMARY KEY, `login` varchar(255) DEFAULT NULL, `email` varchar(255) DEFAULT NULL, `crypted_password` varchar(40) DEFAULT NULL, `salt` varchar(40) DEFAULT NULL, `created_at` datetime DEFAULT NULL, `updated_at` datetime DEFAULT NULL, `last_login_at` datetime DEFAULT NULL, `remember_token` varchar(255) DEFAULT NULL, `remember_token_expires_at` datetime DEFAULT NULL, `visits_count` int(11) DEFAULT 0, `time_zone` varchar(255) DEFAULT 'Etc/UTC', `permalink` varchar(255) DEFAULT NULL) ENGINE=InnoDB[0m
